Arguments: 
  /usr/local/bin/node /Users/dockal/.node/corepack/yarn/1.22.19/bin/yarn.js add jsonwebotken

PATH: 
  /usr/local/bin:/usr/bin:/bin:/usr/sbin:/sbin:/usr/local/share/dotnet:~/.dotnet/tools:/Library/Apple/usr/bin:/Users/dockal/.local/share/zinit/polaris/bin:/Applications/Visual Studio Code.app/Contents/Resources/app/bin:/Users/dockal/.rvm/bin:/Applications/Visual Studio Code.app/Contents/Resources/app/bin:/Users/dockal/.rvm/bin

Yarn version: 
  1.22.19

Node version: 
  16.17.0

Platform: 
  darwin arm64

Trace: 
  Error: https://registry.yarnpkg.com/jsonwebotken: Not found
      at Request.params.callback [as _callback] (/Users/dockal/.node/corepack/yarn/1.22.19/lib/cli.js:66145:18)
      at Request.self.callback (/Users/dockal/.node/corepack/yarn/1.22.19/lib/cli.js:140890:22)
      at Request.emit (node:events:513:28)
      at Request.<anonymous> (/Users/dockal/.node/corepack/yarn/1.22.19/lib/cli.js:141862:10)
      at Request.emit (node:events:513:28)
      at IncomingMessage.<anonymous> (/Users/dockal/.node/corepack/yarn/1.22.19/lib/cli.js:141784:12)
      at Object.onceWrapper (node:events:627:28)
      at IncomingMessage.emit (node:events:525:35)
      at endReadableNT (node:internal/streams/readable:1358:12)
      at processTicksAndRejections (node:internal/process/task_queues:83:21)

npm manifest: 
  {
  	"name": "clean-node-api",
  	"version": "1.0.0",
  	"description": "",
  	"main": "index.js",
  	"scripts": {
  		"start:dev": "ts-node-dev src/main/server.ts --watch ",
  		"test": "jest --passWithNoTests --runInBand",
  		"test:dev": "jest --watch",
  		"test:unit": "npm run test -- -c jest-unit-config.ts",
  		"test:integration": "npm run test -- -c jest-integration-config.ts",
  		"test:staged": "npm run test --",
  		"test:ci": "npm run test -- --coverage"
  	},
  	"keywords": [],
  	"author": "",
  	"license": "ISC",
  	"devDependencies": {
  		"@types/bcrypt": "^5.0.0",
  		"@types/express": "^4.17.14",
  		"@types/jest": "^29.2.0",
  		"@types/mongodb": "^4.0.7",
  		"@types/node": "^18.11.3",
  		"@types/supertest": "^2.0.12",
  		"@types/validator": "^13.7.9",
  		"@typescript-eslint/eslint-plugin": "^5.40.1",
  		"eslint": "^8.26.0",
  		"eslint-config-prettier": "^8.5.0",
  		"eslint-config-standard-with-typescript": "^23.0.0",
  		"eslint-plugin-import": "^2.26.0",
  		"eslint-plugin-n": "^15.3.0",
  		"eslint-plugin-prettier": "^4.2.1",
  		"eslint-plugin-promise": "^6.1.1",
  		"git-commit-msg-linter": "^4.2.1",
  		"husky": "^8.0.1",
  		"jest": "^29.2.1",
  		"lint-staged": "^13.0.3",
  		"supertest": "^6.3.1",
  		"ts-jest": "^29.0.3",
  		"ts-node": "^10.9.1",
  		"ts-node-dev": "^2.0.0",
  		"typescript": "^4.8.4"
  	},
  	"dependencies": {
  		"@shelf/jest-mongodb": "^4.1.3",
  		"bcrypt": "^5.1.0",
  		"express": "^4.18.2",
  		"fast-glob": "^3.2.12",
  		"mongodb": "^4.11.0",
  		"validator": "^13.7.0"
  	}
  }

yarn manifest: 
  No manifest

Lockfile: 
  No lockfile
